[0m14:39:35.982681 [debug] [MainThread]: Sending event: {'category': 'dbt', 'action': 'invocation', 'label': 'start', 'context': [<snowplow_tracker.self_describing_json.SelfDescribingJson object at 0x7f3e9d6ab9a0>, <snowplow_tracker.self_describing_json.SelfDescribingJson object at 0x7f3e9c770700>, <snowplow_tracker.self_describing_json.SelfDescribingJson object at 0x7f3e9c770f10>]}


============================== 14:39:35.985245 | a0cfe370-bcef-404c-8c3e-b7d39e0549ba ==============================
[0m14:39:35.985245 [info ] [MainThread]: Running with dbt=1.6.5
[0m14:39:35.985854 [debug] [MainThread]: running dbt with arguments {'printer_width': '80', 'indirect_selection': 'eager', 'log_cache_events': 'False', 'write_json': 'True', 'partial_parse': 'True', 'cache_selected_only': 'False', 'warn_error': 'None', 'version_check': 'True', 'debug': 'False', 'log_path': 'logs', 'fail_fast': 'False', 'profiles_dir': '/home/vscode/.dbt', 'use_colors': 'True', 'use_experimental_parser': 'False', 'no_print': 'None', 'quiet': 'False', 'warn_error_options': 'WarnErrorOptions(include=[], exclude=[])', 'introspect': 'True', 'static_parser': 'True', 'invocation_command': 'dbt init coffee-shop-dbt', 'target_path': 'None', 'log_format': 'default', 'send_anonymous_usage_stats': 'True'}
[0m14:39:35.986320 [warn ] [MainThread]: [ConfigFolderDirectory]: Unable to parse dict {'dir': PosixPath('/home/vscode/.dbt')}
[0m14:39:35.986728 [info ] [MainThread]: Creating dbt configuration folder at 
[0m14:40:39.451007 [debug] [MainThread]: Starter project path: /home/vscode/.local/lib/python3.10/site-packages/dbt/include/starter_project
[0m14:40:39.458372 [info ] [MainThread]: 
Your new dbt project "coffee_shop_dbt" was created!

For more information on how to configure the profiles.yml file,
please consult the dbt documentation here:

  https://docs.getdbt.com/docs/configure-your-profile

One more thing:

Need help? Don't hesitate to reach out to us via GitHub issues or on Slack:

  https://community.getdbt.com/

Happy modeling!

[0m14:40:39.459690 [info ] [MainThread]: Setting up your profile.
[0m14:49:34.569965 [info ] [MainThread]: Profile coffee_shop_dbt written to /home/vscode/.dbt/profiles.yml using target's profile_template.yml and your supplied values. Run 'dbt debug' to validate the connection.
[0m14:49:34.571143 [debug] [MainThread]: Command `dbt init` succeeded at 14:49:34.570961 after 598.59 seconds
[0m14:49:34.571613 [debug] [MainThread]: Sending event: {'category': 'dbt', 'action': 'invocation', 'label': 'end', 'context': [<snowplow_tracker.self_describing_json.SelfDescribingJson object at 0x7f3e9d6ab9a0>, <snowplow_tracker.self_describing_json.SelfDescribingJson object at 0x7f3e9cbc4670>, <snowplow_tracker.self_describing_json.SelfDescribingJson object at 0x7f3e9cbc7220>]}
[0m14:49:34.572078 [debug] [MainThread]: Flushing usage events
[0m15:07:42.778337 [debug] [MainThread]: Sending event: {'category': 'dbt', 'action': 'invocation', 'label': 'start', 'context': [<snowplow_tracker.self_describing_json.SelfDescribingJson object at 0x7f6f790f1d80>, <snowplow_tracker.self_describing_json.SelfDescribingJson object at 0x7f6f77faa110>, <snowplow_tracker.self_describing_json.SelfDescribingJson object at 0x7f6f77fa8d30>]}


============================== 15:07:42.780889 | ce9e5ea7-5141-4095-9443-8fbad12d91d6 ==============================
[0m15:07:42.780889 [info ] [MainThread]: Running with dbt=1.6.5
[0m15:07:42.781527 [debug] [MainThread]: running dbt with arguments {'printer_width': '80', 'indirect_selection': 'eager', 'log_cache_events': 'False', 'write_json': 'True', 'partial_parse': 'True', 'cache_selected_only': 'False', 'profiles_dir': '/home/vscode/.dbt', 'debug': 'False', 'warn_error': 'None', 'log_path': 'logs', 'fail_fast': 'False', 'version_check': 'True', 'use_colors': 'True', 'use_experimental_parser': 'False', 'no_print': 'None', 'quiet': 'False', 'log_format': 'default', 'invocation_command': 'dbt run', 'warn_error_options': 'WarnErrorOptions(include=[], exclude=[])', 'introspect': 'True', 'target_path': 'None', 'static_parser': 'True', 'send_anonymous_usage_stats': 'True'}
[0m15:07:42.782093 [error] [MainThread]: Encountered an error:
Runtime Error
  No dbt_project.yml found at expected path /workspaces/ae-club-mkraft/dbt_project.yml
  Verify that each entry within packages.yml (and their transitive dependencies) contains a file named dbt_project.yml
  
[0m15:07:42.782886 [debug] [MainThread]: Command `dbt run` failed at 15:07:42.782771 after 0.01 seconds
[0m15:07:42.783319 [debug] [MainThread]: Sending event: {'category': 'dbt', 'action': 'invocation', 'label': 'end', 'context': [<snowplow_tracker.self_describing_json.SelfDescribingJson object at 0x7f6f790f1d80>, <snowplow_tracker.self_describing_json.SelfDescribingJson object at 0x7f6f77faab30>, <snowplow_tracker.self_describing_json.SelfDescribingJson object at 0x7f6f77fa8820>]}
[0m15:07:42.783733 [debug] [MainThread]: Flushing usage events
[0m15:10:09.124574 [debug] [MainThread]: Sending event: {'category': 'dbt', 'action': 'invocation', 'label': 'start', 'context': [<snowplow_tracker.self_describing_json.SelfDescribingJson object at 0x7f20789cb970>, <snowplow_tracker.self_describing_json.SelfDescribingJson object at 0x7f2077a6af80>, <snowplow_tracker.self_describing_json.SelfDescribingJson object at 0x7f207802a0b0>]}


============================== 15:10:09.127093 | ec49c7ce-d357-4788-9cfe-b540b1e153bf ==============================
[0m15:10:09.127093 [info ] [MainThread]: Running with dbt=1.6.5
[0m15:10:09.127757 [debug] [MainThread]: running dbt with arguments {'printer_width': '80', 'indirect_selection': 'eager', 'write_json': 'True', 'log_cache_events': 'False', 'partial_parse': 'True', 'cache_selected_only': 'False', 'profiles_dir': '/home/vscode/.dbt', 'fail_fast': 'False', 'debug': 'False', 'log_path': 'logs', 'warn_error': 'None', 'version_check': 'True', 'use_colors': 'True', 'use_experimental_parser': 'False', 'no_print': 'None', 'quiet': 'False', 'warn_error_options': 'WarnErrorOptions(include=[], exclude=[])', 'static_parser': 'True', 'invocation_command': 'dbt run', 'introspect': 'True', 'target_path': 'None', 'log_format': 'default', 'send_anonymous_usage_stats': 'True'}
[0m15:10:09.128254 [error] [MainThread]: Encountered an error:
Runtime Error
  No dbt_project.yml found at expected path /workspaces/ae-club-mkraft/dbt_project.yml
  Verify that each entry within packages.yml (and their transitive dependencies) contains a file named dbt_project.yml
  
[0m15:10:09.128916 [debug] [MainThread]: Command `dbt run` failed at 15:10:09.128810 after 0.01 seconds
[0m15:10:09.129299 [debug] [MainThread]: Sending event: {'category': 'dbt', 'action': 'invocation', 'label': 'end', 'context': [<snowplow_tracker.self_describing_json.SelfDescribingJson object at 0x7f20789cb970>, <snowplow_tracker.self_describing_json.SelfDescribingJson object at 0x7f207802ab60>, <snowplow_tracker.self_describing_json.SelfDescribingJson object at 0x7f2078029b70>]}
[0m15:10:09.129715 [debug] [MainThread]: Flushing usage events
[0m19:55:33.993746 [debug] [MainThread]: Sending event: {'category': 'dbt', 'action': 'invocation', 'label': 'start', 'context': [<snowplow_tracker.self_describing_json.SelfDescribingJson object at 0x7fd79565f9a0>, <snowplow_tracker.self_describing_json.SelfDescribingJson object at 0x7fd79452af80>, <snowplow_tracker.self_describing_json.SelfDescribingJson object at 0x7fd794ad1c60>]}


============================== 19:55:34.018034 | 7a953841-dc25-4fb1-bae6-d7c053b2b189 ==============================
[0m19:55:34.018034 [info ] [MainThread]: Running with dbt=1.6.5
[0m19:55:34.018756 [debug] [MainThread]: running dbt with arguments {'printer_width': '80', 'indirect_selection': 'eager', 'log_cache_events': 'False', 'write_json': 'True', 'partial_parse': 'True', 'cache_selected_only': 'False', 'warn_error': 'None', 'debug': 'False', 'profiles_dir': '/home/vscode/.dbt', 'log_path': 'logs', 'fail_fast': 'False', 'version_check': 'True', 'use_colors': 'True', 'use_experimental_parser': 'False', 'no_print': 'None', 'quiet': 'False', 'log_format': 'default', 'static_parser': 'True', 'invocation_command': 'dbt run', 'introspect': 'True', 'target_path': 'None', 'warn_error_options': 'WarnErrorOptions(include=[], exclude=[])', 'send_anonymous_usage_stats': 'True'}
[0m19:55:34.019340 [error] [MainThread]: Encountered an error:
Runtime Error
  No dbt_project.yml found at expected path /workspaces/ae-club-mkraft/dbt_project.yml
  Verify that each entry within packages.yml (and their transitive dependencies) contains a file named dbt_project.yml
  
[0m19:55:34.020046 [debug] [MainThread]: Command `dbt run` failed at 19:55:34.019935 after 0.03 seconds
[0m19:55:34.020463 [debug] [MainThread]: Sending event: {'category': 'dbt', 'action': 'invocation', 'label': 'end', 'context': [<snowplow_tracker.self_describing_json.SelfDescribingJson object at 0x7fd79565f9a0>, <snowplow_tracker.self_describing_json.SelfDescribingJson object at 0x7fd794ad1420>, <snowplow_tracker.self_describing_json.SelfDescribingJson object at 0x7fd794ad3370>]}
[0m19:55:34.020911 [debug] [MainThread]: Flushing usage events
[0m13:48:07.823956 [debug] [MainThread]: Sending event: {'category': 'dbt', 'action': 'invocation', 'label': 'start', 'context': [<snowplow_tracker.self_describing_json.SelfDescribingJson object at 0x7f2095a43970>, <snowplow_tracker.self_describing_json.SelfDescribingJson object at 0x7f2094b0af80>, <snowplow_tracker.self_describing_json.SelfDescribingJson object at 0x7f20950b2b60>]}


============================== 13:48:07.847575 | 654bc487-2ee9-482d-abb8-fded8386fc22 ==============================
[0m13:48:07.847575 [info ] [MainThread]: Running with dbt=1.6.5
[0m13:48:07.848426 [debug] [MainThread]: running dbt with arguments {'printer_width': '80', 'indirect_selection': 'eager', 'write_json': 'True', 'log_cache_events': 'False', 'partial_parse': 'True', 'cache_selected_only': 'False', 'warn_error': 'None', 'version_check': 'True', 'debug': 'False', 'log_path': 'logs', 'profiles_dir': '/home/vscode/.dbt', 'fail_fast': 'False', 'use_colors': 'True', 'use_experimental_parser': 'False', 'no_print': 'None', 'quiet': 'False', 'log_format': 'default', 'static_parser': 'True', 'warn_error_options': 'WarnErrorOptions(include=[], exclude=[])', 'invocation_command': 'dbt run', 'target_path': 'None', 'introspect': 'True', 'send_anonymous_usage_stats': 'True'}
[0m13:48:07.848991 [error] [MainThread]: Encountered an error:
Runtime Error
  No dbt_project.yml found at expected path /workspaces/ae-club-mkraft/dbt_project.yml
  Verify that each entry within packages.yml (and their transitive dependencies) contains a file named dbt_project.yml
  
[0m13:48:07.849725 [debug] [MainThread]: Command `dbt run` failed at 13:48:07.849609 after 0.04 seconds
[0m13:48:07.850155 [debug] [MainThread]: Sending event: {'category': 'dbt', 'action': 'invocation', 'label': 'end', 'context': [<snowplow_tracker.self_describing_json.SelfDescribingJson object at 0x7f2095a43970>, <snowplow_tracker.self_describing_json.SelfDescribingJson object at 0x7f20950b20b0>, <snowplow_tracker.self_describing_json.SelfDescribingJson object at 0x7f20950b1b70>]}
[0m13:48:07.850609 [debug] [MainThread]: Flushing usage events
